********************************************************************************
DUPLICATOR-LITE PACKAGE-LOG: 2017-05-18 10:24:13
NOTICE: Do NOT post to public sites or forums 
********************************************************************************
VERSION:	1.2.6
WORDPRESS:	4.7.4
PHP INFO:	5.6.28 | SAPI: apache2handler
SERVER:		Apache/2.4.23 (Win32) OpenSSL/1.0.2h PHP/5.6.28 
PHP TIME LIMIT: (0) no time limit imposed 
PHP MAX MEMORY: 2048M (128M default) 
MEMORY STACK: 24MB 

********************************************************************************
DATABASE:
********************************************************************************
BUILD MODE:   PHP(query limit - 100)
MYSQLTIMEOUT: 5000
MYSQLDUMP:    Is Supported 
TABLES: total:13 | filtered:0 | create:13 
FILTERED: [] 
SQL CREATED: 20170518_awesomewordpresstheme_4fe0e7be702986835831170518102400_database.sql 
SQL FILE SIZE: 714.57KB (731721) 
SQL FILE TIME: 2017-05-18 10:24:14 
SQL RUNTIME: 0.32 sec. 

******************************************************************************** 
ARCHIVE (ZIP): 
******************************************************************************** 
ARCHIVE DIR:  C:/xampp/htdocs/AwesomeWordPressTheme 
ARCHIVE FILE: 20170518_awesomewordpresstheme_4fe0e7be702986835831170518102400_archive.zip 
FILTERS: *OFF* 
DIRS: not set 
EXTS:  not set 
---------------------------------------- 
COMPRESSING 
SIZE:	52.8MB 
STATS:	Dirs 496 | Files 3,977 
SQL ADDED: 20170518_awesomewordpresstheme_4fe0e7be702986835831170518102400_database.sql 
ZipArchive Object
(
    [status] => 0
    [statusSys] => 0
    [numFiles] => 4473
    [filename] => C:\xampp\htdocs\AwesomeWordPressTheme\wp-snapshots\tmp\20170518_awesomewordpresstheme_4fe0e7be702986835831170518102400_archive.zip
    [comment] => 
)
 
COMPRESSION RESULT: '1' 
COMPRESSED SIZE: 33.41MB 
ARCHIVE RUNTIME: 28.78 sec. 
MEMORY STACK: 25.25MB 

******************************************************************************** 
MAKE INSTALLER: 
******************************************************************************** 
Build Start 
Build Finished 
Preping for use 
Template parsed with new data 
Complete [C:/xampp/htdocs/AwesomeWordPressTheme/wp-snapshots/tmp/20170518_awesomewordpresstheme_4fe0e7be702986835831170518102400_installer.php] 
Added to archive 

******************************************************************************** 
INTEGRITY CHECKS: 
******************************************************************************** 
SQL File: 714.57KB 
Installer File: 422.14KB 
Archive File: 33.41MB  

********************************************************************************
RECORD ID:[1]
TOTAL PROCESS RUNTIME: 33.69 sec.
PEAK PHP MEMORY USED: 28.25MB
DONE PROCESSING => 20170518_awesomewordpresstheme 2017-05-18 10:24:47
 
